[19Dec2024 22:05:08.680] [main/INFO] [cpw.mods.modlauncher.Launcher/MODLAUNCHER]: ModLauncher running: args [--launchTarget, forgeclientuserdev, --version, 21.1.90, --assetIndex, 17, --assetsDir, C:\\Users\\noide\\.gradle\\caches\\neoformruntime\\assets, --gameDir, ., --fml.neoForgeVersion, 21.1.90, --fml.fmlVersion, 4.0.34, --fml.mcVersion, 1.21.1, --fml.neoFormVersion, 20240808.144430]
[19Dec2024 22:05:08.683] [main/INFO] [cpw.mods.modlauncher.Launcher/MODLAUNCHER]: JVM identified as Eclipse Adoptium OpenJDK 64-Bit Server VM 21.0.3+9-LTS
[19Dec2024 22:05:08.684] [main/INFO] [cpw.mods.modlauncher.Launcher/MODLAUNCHER]: ModLauncher 11.0.4+main.d2e20e43 starting: java version 21.0.3 by Eclipse Adoptium; OS Windows 10 arch amd64 version 10.0
[19Dec2024 22:05:08.764] [main/INFO] [net.neoforged.fml.loading.ImmediateWindowHandler/]: Loading ImmediateWindowProvider fmlearlywindow
[19Dec2024 22:05:08.848] [main/INFO] [EARLYDISPLAY/]: Trying GL version 4.6
[19Dec2024 22:05:08.986] [main/INFO] [EARLYDISPLAY/]: Requested GL version 4.6 got version 4.6
[19Dec2024 22:05:09.055] [main/INFO] [mixin/]: SpongePowered MIXIN Subsystem Version=0.8.7 Source=union:/C:/Users/noide/.gradle/caches/modules-2/files-2.1/net.fabricmc/sponge-mixin/0.15.2+mixin.0.8.7/2af2f021d8e02a0220dc27a7a72b4666d66d44ca/sponge-mixin-0.15.2+mixin.0.8.7.jar%23131!/ Service=ModLauncher Env=CLIENT
[19Dec2024 22:05:09.230] [pool-2-thread-1/INFO] [EARLYDISPLAY/]: GL info: NVIDIA GeForce RTX 3070 Ti/PCIe/SSE2 GL version 4.6.0 NVIDIA 560.94, NVIDIA Corporation
[19Dec2024 22:05:09.362] [main/INFO] [net.neoforged.fml.loading.moddiscovery.locators.JarInJarDependencyLocator/]: Found 2 dependencies adding them to mods collection
[19Dec2024 22:05:09.364] [main/INFO] [net.neoforged.fml.loading.moddiscovery.ModDiscoverer/]: 
     Mod List:
		Name Version (Mod Id)

		AzureLib 2.3.29-alpha (azurelib)
		epicpaladins 1.0.0-1.21.1 (epicpaladins)
		Just Enough Items 19.5.0.44 (jei)
		Minecraft 1.21.1 (minecraft)
		NeoForge 21.1.90 (neoforge)
[19Dec2024 22:05:09.988] [main/INFO] [mixin/]: Compatibility level set to JAVA_21
[19Dec2024 22:05:09.999] [main/INFO] [cpw.mods.modlauncher.LaunchServiceHandler/MODLAUNCHER]: Launching target 'forgeclientuserdev' with arguments [--version, 21.1.90, --gameDir, ., --assetsDir, C:\Users\noide\.gradle\caches\neoformruntime\assets, --assetIndex, 17]
[19Dec2024 22:05:10.052] [main/WARN] [mixin/]: Reference map 'epicpaladins.refmap.json' for epicpaladins.mixins.json could not be read. If this is a development environment you can ignore this message
[19Dec2024 22:05:10.225] [main/INFO] [MixinExtras|Service/]: Initializing MixinExtras via com.llamalad7.mixinextras.service.MixinExtrasServiceImpl(version=0.4.1).
[19Dec2024 22:05:11.362] [Datafixer Bootstrap/INFO] [com.mojang.datafixers.DataFixerBuilder/]: 229 Datafixer optimizations took 281 milliseconds
[19Dec2024 22:05:14.783] [main/WARN] [net.minecraft.commands.Commands/]: Ambiguity between arguments [teleport, location] and [teleport, destination] with inputs: [0.1 -0.5 .9, 0 0 0]
[19Dec2024 22:05:14.784] [main/WARN] [net.minecraft.commands.Commands/]: Ambiguity between arguments [teleport, location] and [teleport, targets] with inputs: [0.1 -0.5 .9, 0 0 0]
[19Dec2024 22:05:14.786] [main/WARN] [net.minecraft.commands.Commands/]: Ambiguity between arguments [teleport, destination] and [teleport, targets] with inputs: [Player, 0123, @e, dd12be42-52a9-4a91-a8a1-11c01849e498]
[19Dec2024 22:05:14.786] [main/WARN] [net.minecraft.commands.Commands/]: Ambiguity between arguments [teleport, targets] and [teleport, destination] with inputs: [Player, 0123, dd12be42-52a9-4a91-a8a1-11c01849e498]
[19Dec2024 22:05:14.787] [main/WARN] [net.minecraft.commands.Commands/]: Ambiguity between arguments [teleport, targets, location] and [teleport, targets, destination] with inputs: [0.1 -0.5 .9, 0 0 0]
[19Dec2024 22:05:14.872] [Render thread/WARN] [net.minecraft.server.packs.VanillaPackResourcesBuilder/]: Assets URL 'union:/D:/bandits%20mod%20development/epicpaladins/build/moddev/artifacts/neoforge-21.1.90-minecraft.jar%23183!/assets/.mcassetsroot' uses unexpected schema
[19Dec2024 22:05:14.872] [Render thread/WARN] [net.minecraft.server.packs.VanillaPackResourcesBuilder/]: Assets URL 'union:/D:/bandits%20mod%20development/epicpaladins/build/moddev/artifacts/neoforge-21.1.90-minecraft.jar%23183!/data/.mcassetsroot' uses unexpected schema
[19Dec2024 22:05:14.889] [Render thread/INFO] [com.mojang.authlib.yggdrasil.YggdrasilAuthenticationService/]: Environment: Environment[sessionHost=https://sessionserver.mojang.com, servicesHost=https://api.minecraftservices.com, name=PROD]
[19Dec2024 22:05:14.895] [Render thread/INFO] [net.minecraft.client.Minecraft/]: Setting user: Dev
[19Dec2024 22:05:14.952] [Render thread/INFO] [net.minecraft.client.Minecraft/]: Backend library: LWJGL version 3.3.3+5
[19Dec2024 22:05:15.134] [modloading-worker-0/INFO] [net.neoforged.neoforge.common.NeoForgeMod/NEOFORGE-MOD]: NeoForge mod loading, version 21.1.90, for MC 1.21.1
[19Dec2024 22:05:15.164] [modloading-worker-0/INFO] [azurelib/FileWatching]: Registered azurelib config for auto-sync function
[19Dec2024 22:05:15.211] [modloading-worker-0/INFO] [mezz.jei.library.load.PluginCaller/]: Sending ConfigManager...
[19Dec2024 22:05:15.214] [modloading-worker-0/INFO] [mezz.jei.library.load.PluginCaller/]: Sending ConfigManager took 1.450 ms
[19Dec2024 22:05:15.661] [Render thread/INFO] [net.neoforged.neoforge.gametest.GameTestHooks/]: Enabled Gametest Namespaces: [epicpaladins]
[19Dec2024 22:05:15.776] [Render thread/INFO] [net.minecraft.server.packs.resources.ReloadableResourceManager/]: Reloading ResourceManager: vanilla, mod_resources, mod/azurelib, mod/epicpaladins, mod/neoforge, mod/jei
[19Dec2024 22:05:15.864] [Worker-Main-16/INFO] [net.minecraft.client.gui.font.providers.UnihexProvider/]: Found unifont_all_no_pua-15.1.05.hex, loading
[19Dec2024 22:05:15.864] [Worker-Main-12/INFO] [net.minecraft.client.gui.font.providers.UnihexProvider/]: Found unifont_jp_patch-15.1.05.hex, loading
[19Dec2024 22:05:16.818] [Render thread/WARN] [net.minecraft.client.sounds.SoundEngine/]: Missing sound for event: minecraft:item.goat_horn.play
[19Dec2024 22:05:16.818] [Render thread/WARN] [net.minecraft.client.sounds.SoundEngine/]: Missing sound for event: minecraft:entity.goat.screaming.horn_break
[19Dec2024 22:05:16.852] [Render thread/INFO] [com.mojang.blaze3d.audio.Library/]: OpenAL initialized on device OpenAL Soft on Speakers (HyperX Quadcast)
[19Dec2024 22:05:16.853] [Render thread/INFO] [net.minecraft.client.sounds.SoundEngine/SOUNDS]: Sound engine started
[19Dec2024 22:05:16.936] [Render thread/INFO] [net.minecraft.client.renderer.texture.TextureAtlas/]: Created: 1024x512x4 minecraft:textures/atlas/blocks.png-atlas
[19Dec2024 22:05:16.944] [Render thread/INFO] [net.minecraft.client.renderer.texture.TextureAtlas/]: Created: 256x256x4 minecraft:textures/atlas/signs.png-atlas
[19Dec2024 22:05:16.944] [Render thread/INFO] [net.minecraft.client.renderer.texture.TextureAtlas/]: Created: 512x512x4 minecraft:textures/atlas/shield_patterns.png-atlas
[19Dec2024 22:05:16.944] [Render thread/INFO] [net.minecraft.client.renderer.texture.TextureAtlas/]: Created: 512x512x4 minecraft:textures/atlas/banner_patterns.png-atlas
[19Dec2024 22:05:16.945] [Render thread/INFO] [net.minecraft.client.renderer.texture.TextureAtlas/]: Created: 1024x1024x4 minecraft:textures/atlas/armor_trims.png-atlas
[19Dec2024 22:05:16.947] [Render thread/INFO] [net.minecraft.client.renderer.texture.TextureAtlas/]: Created: 256x256x4 minecraft:textures/atlas/chest.png-atlas
[19Dec2024 22:05:16.948] [Render thread/INFO] [net.minecraft.client.renderer.texture.TextureAtlas/]: Created: 128x64x4 minecraft:textures/atlas/decorated_pot.png-atlas
[19Dec2024 22:05:16.948] [Render thread/INFO] [net.minecraft.client.renderer.texture.TextureAtlas/]: Created: 512x256x4 minecraft:textures/atlas/beds.png-atlas
[19Dec2024 22:05:16.948] [Render thread/INFO] [net.minecraft.client.renderer.texture.TextureAtlas/]: Created: 512x256x4 minecraft:textures/atlas/shulker_boxes.png-atlas
[19Dec2024 22:05:17.114] [Render thread/INFO] [net.minecraft.client.renderer.texture.TextureAtlas/]: Created: 512x256x0 minecraft:textures/atlas/particles.png-atlas
[19Dec2024 22:05:17.115] [Render thread/INFO] [net.minecraft.client.renderer.texture.TextureAtlas/]: Created: 512x256x0 minecraft:textures/atlas/paintings.png-atlas
[19Dec2024 22:05:17.115] [Render thread/INFO] [net.minecraft.client.renderer.texture.TextureAtlas/]: Created: 256x128x0 minecraft:textures/atlas/mob_effects.png-atlas
[19Dec2024 22:05:17.116] [Render thread/INFO] [net.minecraft.client.renderer.texture.TextureAtlas/]: Created: 64x64x0 minecraft:textures/atlas/map_decorations.png-atlas
[19Dec2024 22:05:17.116] [Render thread/INFO] [net.minecraft.client.renderer.texture.TextureAtlas/]: Created: 1024x512x0 minecraft:textures/atlas/gui.png-atlas
[19Dec2024 22:05:17.130] [Render thread/WARN] [net.minecraft.client.renderer.ShaderInstance/]: Shader rendertype_entity_translucent_emissive could not find sampler named Sampler2 in the specified shader program.
[19Dec2024 22:05:17.170] [Render thread/INFO] [net.neoforged.neoforge.client.entity.animation.json.AnimationLoader/]: Loaded 0 entity animations
[19Dec2024 22:05:17.171] [Render thread/INFO] [net.minecraft.client.renderer.texture.TextureAtlas/]: Created: 256x256x0 jei:textures/atlas/gui.png-atlas
[19Dec2024 22:05:22.817] [Render thread/INFO] [net.minecraft.world.item.crafting.RecipeManager/]: Loaded 1290 recipes
[19Dec2024 22:05:22.940] [Render thread/INFO] [net.minecraft.advancements.AdvancementTree/]: Loaded 1399 advancements
[19Dec2024 22:05:23.239] [Render thread/INFO] [mezz.jei.neoforge.startup.StartEventObserver/]: JEI StartEventObserver received class net.neoforged.neoforge.event.TagsUpdatedEvent too early, ignoring
[19Dec2024 22:05:23.302] [Server thread/INFO] [net.minecraft.client.server.IntegratedServer/]: Starting integrated minecraft server version 1.21.1
[19Dec2024 22:05:23.302] [Server thread/INFO] [net.minecraft.server.MinecraftServer/]: Generating keypair
[19Dec2024 22:05:23.813] [Server thread/INFO] [net.minecraft.server.MinecraftServer/]: Preparing start region for dimension minecraft:overworld
[19Dec2024 22:05:23.974] [progressListener/INFO] [net.minecraft.server.level.progress.LoggerChunkProgressListener/]: Preparing spawn area: 0%
[19Dec2024 22:05:24.043] [Server thread/INFO] [net.neoforged.neoforge.server.permission.PermissionAPI/]: Successfully initialized permission handler neoforge:default_handler
[19Dec2024 22:05:24.052] [progressListener/INFO] [net.minecraft.server.level.progress.LoggerChunkProgressListener/]: Time elapsed: 225 ms
[19Dec2024 22:05:24.095] [Server thread/INFO] [net.minecraft.client.server.IntegratedServer/]: Changing view distance to 12, from 10
[19Dec2024 22:05:24.095] [Server thread/INFO] [net.minecraft.client.server.IntegratedServer/]: Changing simulation distance to 12, from 0
[19Dec2024 22:05:24.547] [Render thread/INFO] [mezz.jei.neoforge.startup.StartEventObserver/]: JEI StartEventObserver received class net.neoforged.neoforge.event.TagsUpdatedEvent
[19Dec2024 22:05:24.660] [Server thread/INFO] [net.minecraft.server.players.PlayerList/]: Dev[local:E:a58a50a2] logged in with entity id 11 at (93.63469194386785, 63.0, 90.68425579386808)
[19Dec2024 22:05:24.712] [Server thread/INFO] [net.minecraft.server.MinecraftServer/]: Dev joined the game
[19Dec2024 22:05:24.992] [Render thread/INFO] [mezz.jei.neoforge.startup.StartEventObserver/]: JEI StartEventObserver received class net.neoforged.neoforge.client.event.RecipesUpdatedEvent
[19Dec2024 22:05:24.992] [Render thread/INFO] [mezz.jei.neoforge.startup.StartEventObserver/]: JEI StartEventObserver transitioning state from LISTENING to JEI_STARTED
[19Dec2024 22:05:24.993] [Render thread/INFO] [mezz.jei.core.util.LoggedTimer/]: Starting JEI...
[19Dec2024 22:05:25.001] [Render thread/INFO] [mezz.jei.library.load.PluginCaller/]: Registering item subtypes...
[19Dec2024 22:05:25.004] [Render thread/INFO] [mezz.jei.library.load.PluginCaller/]: Registering item subtypes took 3.022 ms
[19Dec2024 22:05:25.005] [Render thread/INFO] [mezz.jei.library.load.PluginCaller/]: Registering fluid subtypes...
[19Dec2024 22:05:25.006] [Render thread/INFO] [mezz.jei.library.load.PluginCaller/]: Registering fluid subtypes took 1.649 ms
[19Dec2024 22:05:25.008] [Render thread/INFO] [mezz.jei.library.load.PluginCaller/]: Registering ingredients...
[19Dec2024 22:05:25.111] [Render thread/INFO] [mezz.jei.library.load.PluginCallerTimerRunnable/]: Registering ingredients: jei:minecraft took 102.7 milliseconds
[19Dec2024 22:05:25.111] [Render thread/INFO] [mezz.jei.library.load.PluginCaller/]: Registering ingredients took 103.4 ms
[19Dec2024 22:05:25.119] [Render thread/INFO] [mezz.jei.library.load.PluginCaller/]: Registering Mod Info...
[19Dec2024 22:05:25.120] [Render thread/INFO] [mezz.jei.library.load.PluginCaller/]: Registering Mod Info took 512.6 μs
[19Dec2024 22:05:25.141] [Render thread/INFO] [mezz.jei.library.load.PluginCaller/]: Registering categories...
[19Dec2024 22:05:25.161] [Render thread/INFO] [mezz.jei.library.load.PluginCallerTimerRunnable/]: Registering categories: jei:minecraft took 19.88 milliseconds
[19Dec2024 22:05:25.163] [Render thread/INFO] [mezz.jei.library.load.PluginCaller/]: Registering categories took 21.70 ms
[19Dec2024 22:05:25.164] [Render thread/INFO] [mezz.jei.library.load.PluginCaller/]: Registering vanilla category extensions...
[19Dec2024 22:05:25.166] [Render thread/INFO] [mezz.jei.library.load.PluginCaller/]: Registering vanilla category extensions took 1.809 ms
[19Dec2024 22:05:25.167] [Render thread/INFO] [mezz.jei.library.load.PluginCaller/]: Registering recipe catalysts...
[19Dec2024 22:05:25.168] [Render thread/INFO] [mezz.jei.library.load.PluginCaller/]: Registering recipe catalysts took 971.7 μs
[19Dec2024 22:05:25.170] [Render thread/INFO] [mezz.jei.library.load.PluginCaller/]: Registering advanced plugins...
[19Dec2024 22:05:25.170] [Render thread/INFO] [mezz.jei.library.load.PluginCaller/]: Registering advanced plugins took 608.9 μs
[19Dec2024 22:05:25.171] [Render thread/INFO] [mezz.jei.core.util.LoggedTimer/]: Building recipe registry...
[19Dec2024 22:05:25.178] [Render thread/INFO] [mezz.jei.core.util.LoggedTimer/]: Building recipe registry took 7.128 ms
[19Dec2024 22:05:25.180] [Render thread/INFO] [mezz.jei.library.load.PluginCaller/]: Registering recipes...
[19Dec2024 22:05:25.324] [Render thread/INFO] [mezz.jei.library.load.PluginCallerTimerRunnable/]: Registering recipes: jei:minecraft took 143.4 milliseconds
[19Dec2024 22:05:25.324] [Render thread/INFO] [mezz.jei.library.load.PluginCaller/]: Registering recipes took 144.0 ms
[19Dec2024 22:05:25.331] [Render thread/INFO] [mezz.jei.library.load.PluginCaller/]: Registering recipes transfer handlers...
[19Dec2024 22:05:25.335] [Render thread/INFO] [mezz.jei.library.load.PluginCaller/]: Registering recipes transfer handlers took 4.046 ms
[19Dec2024 22:05:25.346] [Render thread/INFO] [mezz.jei.core.util.LoggedTimer/]: Building runtime...
[19Dec2024 22:05:25.350] [Render thread/INFO] [mezz.jei.library.load.PluginCaller/]: Registering gui handlers...
[19Dec2024 22:05:25.362] [Render thread/INFO] [mezz.jei.library.load.PluginCaller/]: Registering gui handlers took 11.00 ms
[19Dec2024 22:05:25.368] [Render thread/INFO] [mezz.jei.library.load.PluginCaller/]: Registering Runtime...
[19Dec2024 22:05:25.370] [Render thread/INFO] [mezz.jei.gui.startup.JeiGuiStarter/]: Starting JEI GUI
[19Dec2024 22:05:25.371] [Render thread/INFO] [mezz.jei.core.util.LoggedTimer/]: Building ingredient list...
[19Dec2024 22:05:25.375] [Render thread/INFO] [mezz.jei.core.util.LoggedTimer/]: Building ingredient list took 4.528 ms
[19Dec2024 22:05:25.376] [Render thread/INFO] [mezz.jei.core.util.LoggedTimer/]: Building ingredient filter...
[19Dec2024 22:05:25.418] [Render thread/INFO] [mezz.jei.gui.ingredients.IngredientFilter/]: Adding 1626 ingredients
[19Dec2024 22:05:25.565] [Render thread/INFO] [mezz.jei.gui.ingredients.IngredientFilter/]: Added 1626 ingredients
[19Dec2024 22:05:25.567] [Render thread/INFO] [mezz.jei.core.util.LoggedTimer/]: Building ingredient filter took 191.4 ms
[19Dec2024 22:05:25.696] [Render thread/INFO] [mezz.jei.library.load.PluginCallerTimerRunnable/]: Registering Runtime: jei:neoforge_gui took 327.3 milliseconds
[19Dec2024 22:05:25.696] [Render thread/INFO] [mezz.jei.library.load.PluginCaller/]: Registering Runtime took 327.9 ms
[19Dec2024 22:05:25.697] [Render thread/INFO] [mezz.jei.core.util.LoggedTimer/]: Building runtime took 351.8 ms
[19Dec2024 22:05:25.698] [Render thread/INFO] [mezz.jei.library.load.PluginCaller/]: Sending Runtime...
[19Dec2024 22:05:25.698] [Render thread/INFO] [mezz.jei.library.load.PluginCaller/]: Sending Runtime took 426.7 μs
[19Dec2024 22:05:25.699] [Render thread/INFO] [mezz.jei.core.util.LoggedTimer/]: Starting JEI took 705.9 ms
[19Dec2024 22:05:25.714] [Render thread/INFO] [net.minecraft.advancements.AdvancementTree/]: Loaded 2 advancements
[19Dec2024 22:05:25.802] [Render thread/WARN] [net.minecraft.client.sounds.SoundEngine/SOUNDS]: Unable to play empty soundEvent: minecraft:entity.salmon.ambient
[19Dec2024 22:05:26.251] [Server thread/INFO] [net.minecraft.client.server.IntegratedServer/]: Saving and pausing game...
[19Dec2024 22:05:26.309] [Server thread/INFO] [net.minecraft.server.MinecraftServer/]: Saving chunks for level 'ServerLevel[New World]'/minecraft:overworld
[19Dec2024 22:05:26.531] [Server thread/INFO] [net.minecraft.server.MinecraftServer/]: Saving chunks for level 'ServerLevel[New World]'/minecraft:the_end
[19Dec2024 22:05:26.734] [Server thread/INFO] [net.minecraft.server.MinecraftServer/]: Saving chunks for level 'ServerLevel[New World]'/minecraft:the_nether
[19Dec2024 22:05:39.945] [Server thread/INFO] [net.minecraft.client.server.IntegratedServer/]: Saving and pausing game...
[19Dec2024 22:05:39.966] [Server thread/INFO] [net.minecraft.server.MinecraftServer/]: Saving chunks for level 'ServerLevel[New World]'/minecraft:overworld
[19Dec2024 22:05:40.003] [Server thread/INFO] [net.minecraft.server.MinecraftServer/]: Saving chunks for level 'ServerLevel[New World]'/minecraft:the_end
[19Dec2024 22:05:40.071] [Server thread/INFO] [net.minecraft.server.MinecraftServer/]: Saving chunks for level 'ServerLevel[New World]'/minecraft:the_nether
[19Dec2024 22:06:38.973] [Render thread/INFO] [net.minecraft.client.Minecraft/]: Stopping!
[19Dec2024 22:06:38.975] [Render thread/INFO] [mezz.jei.neoforge.startup.StartEventObserver/]: JEI StartEventObserver received class net.neoforged.neoforge.client.event.ClientPlayerNetworkEvent$LoggingOut
[19Dec2024 22:06:38.975] [Render thread/INFO] [mezz.jei.neoforge.startup.StartEventObserver/]: JEI StartEventObserver transitioning state from JEI_STARTED to LISTENING
[19Dec2024 22:06:38.976] [Render thread/INFO] [mezz.jei.library.startup.JeiStarter/]: Stopping JEI
[19Dec2024 22:06:38.976] [Render thread/INFO] [mezz.jei.library.load.PluginCaller/]: Sending Runtime Unavailable...
[19Dec2024 22:06:38.976] [Render thread/INFO] [mezz.jei.neoforge.plugins.neoforge.NeoForgeGuiPlugin/]: Stopping JEI GUI
[19Dec2024 22:06:38.978] [Render thread/INFO] [mezz.jei.library.load.PluginCaller/]: Sending Runtime Unavailable took 1.714 ms
[19Dec2024 22:06:38.998] [Server thread/INFO] [net.minecraft.server.network.ServerGamePacketListenerImpl/]: Dev lost connection: Disconnected
[19Dec2024 22:06:38.999] [Server thread/INFO] [net.minecraft.server.MinecraftServer/]: Dev left the game
[19Dec2024 22:06:39.020] [Server thread/INFO] [net.minecraft.server.network.ServerCommonPacketListenerImpl/]: Stopping singleplayer server as player logged out
[19Dec2024 22:06:39.044] [Server thread/INFO] [net.minecraft.server.MinecraftServer/]: Stopping server
[19Dec2024 22:06:39.044] [Server thread/INFO] [net.minecraft.server.MinecraftServer/]: Saving players
[19Dec2024 22:06:39.044] [Server thread/INFO] [net.minecraft.server.MinecraftServer/]: Saving worlds
[19Dec2024 22:06:39.111] [Server thread/INFO] [net.minecraft.server.MinecraftServer/]: Saving chunks for level 'ServerLevel[New World]'/minecraft:overworld
[19Dec2024 22:06:39.341] [Server thread/INFO] [net.minecraft.server.MinecraftServer/]: Saving chunks for level 'ServerLevel[New World]'/minecraft:the_end
[19Dec2024 22:06:39.375] [Server thread/INFO] [net.minecraft.server.MinecraftServer/]: Saving chunks for level 'ServerLevel[New World]'/minecraft:the_nether
[19Dec2024 22:06:39.426] [Server thread/INFO] [net.minecraft.server.MinecraftServer/]: ThreadedAnvilChunkStorage (New World): All chunks are saved
[19Dec2024 22:06:39.426] [Server thread/INFO] [net.minecraft.server.MinecraftServer/]: ThreadedAnvilChunkStorage (DIM1): All chunks are saved
[19Dec2024 22:06:39.426] [Server thread/INFO] [net.minecraft.server.MinecraftServer/]: ThreadedAnvilChunkStorage (DIM-1): All chunks are saved
[19Dec2024 22:06:39.426] [Server thread/INFO] [net.minecraft.server.MinecraftServer/]: ThreadedAnvilChunkStorage: All dimensions are saved
